{
  "RSpec": {
    "coverage": {
      "/home/peterort/tic-tac-toe-rb-online-web-sp-000/lib/tic_tac_toe.rb": [
        null,
        1,
        null,
        null,
        null,
        null,
        null,
        null,
        null,
        null,
        null,
        1,
        null,
        1,
        26,
        26,
        26,
        26,
        26,
        null,
        null,
        null,
        1,
        24,
        null,
        null,
        null,
        1,
        112,
        92,
        20,
        0,
        20,
        20,
        null,
        null,
        null,
        null,
        null,
        1,
        24,
        21,
        null,
        3,
        null,
        null,
        null,
        null,
        1,
        23,
        null,
        null,
        null,
        1,
        21,
        21,
        21,
        21,
        20,
        null,
        1,
        1,
        null,
        null,
        21,
        null,
        null,
        1,
        36,
        36,
        324,
        28,
        296,
        20,
        276,
        null,
        null,
        36,
        null,
        null,
        1,
        21,
        7,
        14,
        14,
        null,
        null,
        null,
        1,
        39,
        256,
        null,
        null,
        null,
        null,
        null,
        null,
        1,
        25,
        null,
        null,
        1,
        24,
        null,
        null,
        1,
        22,
        null,
        null,
        1,
        7,
        29,
        29,
        29,
        null,
        29,
        null,
        29,
        6,
        null,
        null,
        null,
        null,
        null,
        1,
        12,
        18,
        null,
        12,
        5,
        7,
        3,
        null,
        null
      ]
    },
    "timestamp": 1585678565
  }
}
