{
  "RSpec": {
    "coverage": {
      "/home/peterort/tic-tac-toe-rb-online-web-sp-000/lib/tic_tac_toe.rb": [
        null,
        1,
        null,
        null,
        null,
        null,
        null,
        null,
        null,
        null,
        null,
        1,
        null,
        1,
        14,
        14,
        14,
        14,
        14,
        null,
        null,
        null,
        1,
        14,
        null,
        null,
        null,
        1,
        86,
        72,
        14,
        0,
        14,
        14,
        null,
        null,
        null,
        null,
        null,
        1,
        14,
        14,
        null,
        0,
        null,
        null,
        null,
        null,
        1,
        14,
        null,
        null,
        null,
        1,
        14,
        14,
        14,
        14,
        14,
        null,
        0,
        0,
        null,
        14,
        null,
        null,
        1,
        0,
        0,
        0,
        0,
        0,
        0,
        0,
        null,
        null,
        0,
        null,
        null,
        1,
        0,
        0,
        0,
        0,
        null,
        null,
        null,
        1,
        27,
        157,
        null,
        null,
        null,
        null,
        null,
        null,
        1,
        12,
        null,
        null,
        1,
        12,
        null,
        null,
        1,
        15,
        null,
        null,
        1,
        5,
        7,
        7,
        7,
        null,
        7,
        null,
        7,
        5,
        null,
        null,
        null,
        null,
        null,
        1,
        12,
        12,
        6,
        6,
        3,
        null,
        null
      ]
    },
    "timestamp": 1585673965
  }
}
